hashcat (v6.2.6) starting

You have enabled --force to bypass dangerous warnings and errors!
This can hide serious problems and should only be done when debugging.
Do not report hashcat issues encountered when using --force.

OpenCL API (OpenCL 3.0 PoCL 3.0+debian  Linux, None+Asserts, RELOC, LLVM 13.0.1, SLEEF, DISTRO, POCL_DEBUG) - Platform #1 [The pocl project]
============================================================================================================================================
* Device #1: pthread-12th Gen Intel(R) Core(TM) i5-1240P, 1435/2935 MB (512 MB allocatable), 2MCU

Minimum password length supported by kernel: 0
Maximum password length supported by kernel: 72

Counting lines in bcrypt-hash.txt. Please be patient...Counted lines in bcrypt-hash.txtParsed Hashes: 1/1 (100.00%)Parsed Hashes: 1/1 (100.00%)Sorting hashes. Please be patient...Sorted hashesRemoving duplicate hashes. Please be patient...Removed duplicate hashesSorting salts. Please be patient...Sorted saltsComparing hashes with potfile entries. Please be patient...Compared hashes with potfile entriesGenerating bitmap tables...Generated bitmap tablesHashes: 1 digests; 1 unique digests, 1 unique salts
Bitmaps: 16 bits, 65536 entries, 0x0000ffff mask, 262144 bytes, 5/13 rotates
Rules: 1

Optimizers applied:
* Zero-Byte
* Single-Hash
* Single-Salt

Watchdog: Temperature abort trigger set to 90c

Initializing device kernels and memory. Please be patient...Initializing backend runtime for device #1. Please be patient...Initialized backend runtime for device #1Host memory required for this attack: 0 MB

Initialized device kernels and memoryStarting self-test. Please be patient...Finished self-testDictionary cache built:
* Filename..: rockyou-len4.txt
* Passwords.: 8403
* Bytes.....: 42015
* Keyspace..: 8403
* Runtime...: 0 secs

Starting autotune. Please be patient...Finished autotune                                                          [s]tatus [p]ause [b]ypass [c]heckpoint [f]inish [q]uit =>                                                           Cracking performance lower than expected?

* Append -w 3 to the commandline.
  This can cause your screen to lag.

* Append -S to the commandline.
  This has a drastic speed impact but can be better for specific attacks.
  Typical scenarios are a small wordlist but a large ruleset.

* Update your backend API runtime / driver the right way:
  https://hashcat.net/faq/wrongdriver

* Create more work items to make use of your parallelization power:
  https://hashcat.net/faq/morework

[s]tatus [p]ause [b]ypass [c]heckpoint [f]inish [q]uit => 

Session..........: hashcat
Status...........: Running
Hash.Mode........: 3200 (bcrypt $2*$, Blowfish (Unix))
Hash.Target......: $2y$12$Dwt1BZj6pcyc3Dy1FWZ5ieeUznr71EeNkJkUlypTsgbX...8wsRom
Time.Started.....: Mon Apr  1 05:33:53 2024, (1 min, 11 secs)
Time.Estimated...: Mon Apr  1 06:02:06 2024, (27 mins, 2 secs)
Kernel.Feature...: Pure Kernel
Guess.Base.......: File (rockyou-len4.txt)
Guess.Queue......: 1/1 (100.00%)
Speed.#1.........:        5 H/s (0.65ms) @ Accel:2 Loops:2 Thr:1 Vec:1
Recovered........: 0/1 (0.00%) Digests (total), 0/1 (0.00%) Digests (new)
Progress.........: 352/8403 (4.19%)
Rejected.........: 0/352 (0.00%)
Restore.Point....: 352/8403 (4.19%)
Restore.Sub.#1...: Salt:0 Amplifier:0-1 Iteration:786-788
Candidate.Engine.: Device Generator
Candidates.#1....: gwen -> beep
Hardware.Mon.#1..: Util:100%

[s]tatus [p]ause [b]ypass [c]heckpoint [f]inish [q]uit => 

Session..........: hashcat
Status...........: Running
Hash.Mode........: 3200 (bcrypt $2*$, Blowfish (Unix))
Hash.Target......: $2y$12$Dwt1BZj6pcyc3Dy1FWZ5ieeUznr71EeNkJkUlypTsgbX...8wsRom
Time.Started.....: Mon Apr  1 05:33:53 2024, (1 min, 14 secs)
Time.Estimated...: Mon Apr  1 06:02:20 2024, (27 mins, 13 secs)
Kernel.Feature...: Pure Kernel
Guess.Base.......: File (rockyou-len4.txt)
Guess.Queue......: 1/1 (100.00%)
Speed.#1.........:        5 H/s (0.46ms) @ Accel:2 Loops:2 Thr:1 Vec:1
Recovered........: 0/1 (0.00%) Digests (total), 0/1 (0.00%) Digests (new)
Progress.........: 360/8403 (4.28%)
Rejected.........: 0/360 (0.00%)
Restore.Point....: 360/8403 (4.28%)
Restore.Sub.#1...: Salt:0 Amplifier:0-1 Iteration:3802-3804
Candidate.Engine.: Device Generator
Candidates.#1....: meeh -> judy
Hardware.Mon.#1..: Util: 57%

[s]tatus [p]ause [b]ypass [c]heckpoint [f]inish [q]uit => 

Session..........: hashcat
Status...........: Running
Hash.Mode........: 3200 (bcrypt $2*$, Blowfish (Unix))
Hash.Target......: $2y$12$Dwt1BZj6pcyc3Dy1FWZ5ieeUznr71EeNkJkUlypTsgbX...8wsRom
Time.Started.....: Mon Apr  1 05:33:53 2024, (1 min, 21 secs)
Time.Estimated...: Mon Apr  1 06:02:36 2024, (27 mins, 22 secs)
Kernel.Feature...: Pure Kernel
Guess.Base.......: File (rockyou-len4.txt)
Guess.Queue......: 1/1 (100.00%)
Speed.#1.........:        5 H/s (0.81ms) @ Accel:2 Loops:2 Thr:1 Vec:1
Recovered........: 0/1 (0.00%) Digests (total), 0/1 (0.00%) Digests (new)
Progress.........: 392/8403 (4.67%)
Rejected.........: 0/392 (0.00%)
Restore.Point....: 392/8403 (4.67%)
Restore.Sub.#1...: Salt:0 Amplifier:0-1 Iteration:3754-3756
Candidate.Engine.: Device Generator
Candidates.#1....: cell -> true
Hardware.Mon.#1..: Util: 66%

[s]tatus [p]ause [b]ypass [c]heckpoint [f]inish [q]uit =>                                                           $2y$12$Dwt1BZj6pcyc3Dy1FWZ5ieeUznr71EeNkJkUlypTsgbX1H68wsRom:bleh
                                                          
Session..........: hashcat
Status...........: Cracked
Hash.Mode........: 3200 (bcrypt $2*$, Blowfish (Unix))
Hash.Target......: $2y$12$Dwt1BZj6pcyc3Dy1FWZ5ieeUznr71EeNkJkUlypTsgbX...8wsRom
Time.Started.....: Mon Apr  1 05:33:53 2024, (1 min, 43 secs)
Time.Estimated...: Mon Apr  1 05:35:36 2024, (0 secs)
Kernel.Feature...: Pure Kernel
Guess.Base.......: File (rockyou-len4.txt)
Guess.Queue......: 1/1 (100.00%)
Speed.#1.........:        5 H/s (0.23ms) @ Accel:2 Loops:2 Thr:1 Vec:1
Recovered........: 1/1 (100.00%) Digests (total), 1/1 (100.00%) Digests (new)
Progress.........: 484/8403 (5.76%)
Rejected.........: 0/484 (0.00%)
Restore.Point....: 480/8403 (5.71%)
Restore.Sub.#1...: Salt:0 Amplifier:0-1 Iteration:4094-4096
Candidate.Engine.: Device Generator
Candidates.#1....: gage -> bleh
Hardware.Mon.#1..: Util: 67%

Started: Mon Apr  1 05:33:10 2024
Stopped: Mon Apr  1 05:35:38 2024
