hashcat (v6.2.6) starting

OpenCL API (OpenCL 3.0 PoCL 3.0+debian  Linux, None+Asserts, RELOC, LLVM 13.0.1, SLEEF, DISTRO, POCL_DEBUG) - Platform #1 [The pocl project]
============================================================================================================================================
* Device #1: pthread-12th Gen Intel(R) Core(TM) i5-1240P, 1435/2935 MB (512 MB allocatable), 2MCU

Minimum password length supported by kernel: 0
Maximum password length supported by kernel: 256

Counting lines in hash2-1.txt. Please be patient...Counted lines in hash2-1.txtParsed Hashes: 1/1 (100.00%)Parsed Hashes: 1/1 (100.00%)Sorting hashes. Please be patient...Sorted hashesRemoving duplicate hashes. Please be patient...Removed duplicate hashesSorting salts. Please be patient...Sorted saltsComparing hashes with potfile entries. Please be patient...Compared hashes with potfile entriesGenerating bitmap tables...Generated bitmap tablesHashes: 1 digests; 1 unique digests, 1 unique salts
Bitmaps: 16 bits, 65536 entries, 0x0000ffff mask, 262144 bytes, 5/13 rotates
Rules: 1

Optimizers applied:
* Zero-Byte
* Early-Skip
* Not-Salted
* Not-Iterated
* Single-Hash
* Single-Salt
* Raw-Hash

ATTENTION! Pure (unoptimized) backend kernels selected.
Pure kernels can crack longer passwords, but drastically reduce performance.
If you want to switch to optimized kernels, append -O to your commandline.
See the above message to find out about the exact limits.

Watchdog: Temperature abort trigger set to 90c

Initializing device kernels and memory. Please be patient...Initializing backend runtime for device #1. Please be patient...Initialized backend runtime for device #1Host memory required for this attack: 0 MB

Initialized device kernels and memoryStarting self-test. Please be patient...Finished self-testDictionary cache hit:
* Filename..: /usr/share/wordlists/rockyou.txt
* Passwords.: 14344385
* Bytes.....: 139921507
* Keyspace..: 14344385

Starting autotune. Please be patient...Finished autotune                                                          [s]tatus [p]ause [b]ypass [c]heckpoint [f]inish [q]uit =>                                                           f09edcb1fcefc6dfb23dc3505a882655ff77375ed8aa2d1c13f640fccc2d0c85:paule
                                                          
Session..........: hashcat
Status...........: Cracked
Hash.Mode........: 1400 (SHA2-256)
Hash.Target......: f09edcb1fcefc6dfb23dc3505a882655ff77375ed8aa2d1c13f...2d0c85
Time.Started.....: Mon Apr  1 05:58:40 2024 (0 secs)
Time.Estimated...: Mon Apr  1 05:58:40 2024 (0 secs)
Kernel.Feature...: Pure Kernel
Guess.Base.......: File (/usr/share/wordlists/rockyou.txt)
Guess.Queue......: 1/1 (100.00%)
Speed.#1.........:  1088.8 kH/s (0.08ms) @ Accel:256 Loops:1 Thr:1 Vec:4
Recovered........: 1/1 (100.00%) Digests (total), 1/1 (100.00%) Digests (new)
Progress.........: 78336/14344385 (0.55%)
Rejected.........: 0/78336 (0.00%)
Restore.Point....: 77824/14344385 (0.54%)
Restore.Sub.#1...: Salt:0 Amplifier:0-1 Iteration:0-1
Candidate.Engine.: Device Generator
Candidates.#1....: superm -> nick25
Hardware.Mon.#1..: Util: 26%

Started: Mon Apr  1 05:58:39 2024
Stopped: Mon Apr  1 05:58:42 2024
