hashcat (v6.2.6) starting

OpenCL API (OpenCL 3.0 PoCL 3.0+debian  Linux, None+Asserts, RELOC, LLVM 13.0.1, SLEEF, DISTRO, POCL_DEBUG) - Platform #1 [The pocl project]
============================================================================================================================================
* Device #1: pthread-12th Gen Intel(R) Core(TM) i5-1240P, 1435/2935 MB (512 MB allocatable), 2MCU

Minimum password length supported by kernel: 0
Maximum password length supported by kernel: 256

Counting lines in hash2-3.txt. Please be patient...Counted lines in hash2-3.txtParsed Hashes: 1/1 (100.00%)Parsed Hashes: 1/1 (100.00%)Sorting hashes. Please be patient...Sorted hashesRemoving duplicate hashes. Please be patient...Removed duplicate hashesSorting salts. Please be patient...Sorted saltsComparing hashes with potfile entries. Please be patient...Compared hashes with potfile entriesGenerating bitmap tables...Generated bitmap tablesHashes: 1 digests; 1 unique digests, 1 unique salts
Bitmaps: 16 bits, 65536 entries, 0x0000ffff mask, 262144 bytes, 5/13 rotates
Rules: 1

Optimizers applied:
* Zero-Byte
* Single-Hash
* Single-Salt
* Uses-64-Bit

ATTENTION! Pure (unoptimized) backend kernels selected.
Pure kernels can crack longer passwords, but drastically reduce performance.
If you want to switch to optimized kernels, append -O to your commandline.
See the above message to find out about the exact limits.

Watchdog: Temperature abort trigger set to 90c

Initializing device kernels and memory. Please be patient...Initializing backend runtime for device #1. Please be patient...Initialized backend runtime for device #1Host memory required for this attack: 0 MB

Initialized device kernels and memoryStarting self-test. Please be patient...Finished self-testDictionary cache hit:
* Filename..: /usr/share/wordlists/rockyou.txt
* Passwords.: 14344385
* Bytes.....: 139921507
* Keyspace..: 14344385

Starting autotune. Please be patient...Finished autotune                                                          [s]tatus [p]ause [b]ypass [c]heckpoint [f]inish [q]uit =>                                                           Cracking performance lower than expected?

* Append -O to the commandline.
  This lowers the maximum supported password/salt length (usually down to 32).

* Append -w 3 to the commandline.
  This can cause your screen to lag.

* Append -S to the commandline.
  This has a drastic speed impact but can be better for specific attacks.
  Typical scenarios are a small wordlist but a large ruleset.

* Update your backend API runtime / driver the right way:
  https://hashcat.net/faq/wrongdriver

* Create more work items to make use of your parallelization power:
  https://hashcat.net/faq/morework

[s]tatus [p]ause [b]ypass [c]heckpoint [f]inish [q]uit => 

Session..........: hashcat
Status...........: Running
Hash.Mode........: 1800 (sha512crypt $6$, SHA512 (Unix))
Hash.Target......: $6$aReallyHardSalt$6WKUTqzq.UQQmrm0p/T7MPpMbGNnzXPM...ZAs02.
Time.Started.....: Mon Apr  1 06:07:04 2024 (23 secs)
Time.Estimated...: Mon Apr  1 09:37:04 2024 (3 hours, 29 mins)
Kernel.Feature...: Pure Kernel
Guess.Base.......: File (/usr/share/wordlists/rockyou.txt)
Guess.Queue......: 1/1 (100.00%)
Speed.#1.........:     1138 H/s (10.25ms) @ Accel:64 Loops:1024 Thr:1 Vec:2
Recovered........: 0/1 (0.00%) Digests (total), 0/1 (0.00%) Digests (new)
Progress.........: 26048/14344385 (0.18%)
Rejected.........: 0/26048 (0.00%)
Restore.Point....: 26048/14344385 (0.18%)
Restore.Sub.#1...: Salt:0 Amplifier:0-1 Iteration:4096-5000
Candidate.Engine.: Device Generator
Candidates.#1....: hlubkoj -> carlos7
Hardware.Mon.#1..: Util: 94%

[s]tatus [p]ause [b]ypass [c]heckpoint [f]inish [q]uit => 

Session..........: hashcat
Status...........: Running
Hash.Mode........: 1800 (sha512crypt $6$, SHA512 (Unix))
Hash.Target......: $6$aReallyHardSalt$6WKUTqzq.UQQmrm0p/T7MPpMbGNnzXPM...ZAs02.
Time.Started.....: Mon Apr  1 06:07:04 2024 (2 mins, 23 secs)
Time.Estimated...: Mon Apr  1 09:45:45 2024 (3 hours, 36 mins)
Kernel.Feature...: Pure Kernel
Guess.Base.......: File (/usr/share/wordlists/rockyou.txt)
Guess.Queue......: 1/1 (100.00%)
Speed.#1.........:     1093 H/s (11.05ms) @ Accel:64 Loops:1024 Thr:1 Vec:2
Recovered........: 0/1 (0.00%) Digests (total), 0/1 (0.00%) Digests (new)
Progress.........: 156096/14344385 (1.09%)
Rejected.........: 0/156096 (0.00%)
Restore.Point....: 156096/14344385 (1.09%)
Restore.Sub.#1...: Salt:0 Amplifier:0-1 Iteration:3072-4096
Candidate.Engine.: Device Generator
Candidates.#1....: roberto7 -> revenant
Hardware.Mon.#1..: Util: 93%

[s]tatus [p]ause [b]ypass [c]heckpoint [f]inish [q]uit => 

Session..........: hashcat
Status...........: Running
Hash.Mode........: 1800 (sha512crypt $6$, SHA512 (Unix))
Hash.Target......: $6$aReallyHardSalt$6WKUTqzq.UQQmrm0p/T7MPpMbGNnzXPM...ZAs02.
Time.Started.....: Mon Apr  1 06:07:04 2024 (3 mins, 38 secs)
Time.Estimated...: Mon Apr  1 09:49:09 2024 (3 hours, 38 mins)
Kernel.Feature...: Pure Kernel
Guess.Base.......: File (/usr/share/wordlists/rockyou.txt)
Guess.Queue......: 1/1 (100.00%)
Speed.#1.........:     1077 H/s (11.16ms) @ Accel:64 Loops:1024 Thr:1 Vec:2
Recovered........: 0/1 (0.00%) Digests (total), 0/1 (0.00%) Digests (new)
Progress.........: 233792/14344385 (1.63%)
Rejected.........: 0/233792 (0.00%)
Restore.Point....: 233792/14344385 (1.63%)
Restore.Sub.#1...: Salt:0 Amplifier:0-1 Iteration:3072-4096
Candidate.Engine.: Device Generator
Candidates.#1....: spong3bob -> spaniolu
Hardware.Mon.#1..: Util: 94%

[s]tatus [p]ause [b]ypass [c]heckpoint [f]inish [q]uit => 

Session..........: hashcat
Status...........: Running
Hash.Mode........: 1800 (sha512crypt $6$, SHA512 (Unix))
Hash.Target......: $6$aReallyHardSalt$6WKUTqzq.UQQmrm0p/T7MPpMbGNnzXPM...ZAs02.
Time.Started.....: Mon Apr  1 06:07:04 2024 (4 mins, 47 secs)
Time.Estimated...: Mon Apr  1 09:48:57 2024 (3 hours, 37 mins)
Kernel.Feature...: Pure Kernel
Guess.Base.......: File (/usr/share/wordlists/rockyou.txt)
Guess.Queue......: 1/1 (100.00%)
Speed.#1.........:     1078 H/s (12.47ms) @ Accel:64 Loops:1024 Thr:1 Vec:2
Recovered........: 0/1 (0.00%) Digests (total), 0/1 (0.00%) Digests (new)
Progress.........: 303616/14344385 (2.12%)
Rejected.........: 0/303616 (0.00%)
Restore.Point....: 303616/14344385 (2.12%)
Restore.Sub.#1...: Salt:0 Amplifier:0-1 Iteration:4096-5000
Candidate.Engine.: Device Generator
Candidates.#1....: kikay03 -> khime
Hardware.Mon.#1..: Util: 90%

[s]tatus [p]ause [b]ypass [c]heckpoint [f]inish [q]uit => 

Session..........: hashcat
Status...........: Running
Hash.Mode........: 1800 (sha512crypt $6$, SHA512 (Unix))
Hash.Target......: $6$aReallyHardSalt$6WKUTqzq.UQQmrm0p/T7MPpMbGNnzXPM...ZAs02.
Time.Started.....: Mon Apr  1 06:07:04 2024 (4 mins, 50 secs)
Time.Estimated...: Mon Apr  1 09:48:39 2024 (3 hours, 36 mins)
Kernel.Feature...: Pure Kernel
Guess.Base.......: File (/usr/share/wordlists/rockyou.txt)
Guess.Queue......: 1/1 (100.00%)
Speed.#1.........:     1079 H/s (11.32ms) @ Accel:64 Loops:1024 Thr:1 Vec:2
Recovered........: 0/1 (0.00%) Digests (total), 0/1 (0.00%) Digests (new)
Progress.........: 306304/14344385 (2.14%)
Rejected.........: 0/306304 (0.00%)
Restore.Point....: 306304/14344385 (2.14%)
Restore.Sub.#1...: Salt:0 Amplifier:0-1 Iteration:1024-2048
Candidate.Engine.: Device Generator
Candidates.#1....: imawsome -> iluvmymom2
Hardware.Mon.#1..: Util: 92%

[s]tatus [p]ause [b]ypass [c]heckpoint [f]inish [q]uit => 

Session..........: hashcat
Status...........: Running
Hash.Mode........: 1800 (sha512crypt $6$, SHA512 (Unix))
Hash.Target......: $6$aReallyHardSalt$6WKUTqzq.UQQmrm0p/T7MPpMbGNnzXPM...ZAs02.
Time.Started.....: Mon Apr  1 06:07:04 2024 (4 mins, 52 secs)
Time.Estimated...: Mon Apr  1 09:48:30 2024 (3 hours, 36 mins)
Kernel.Feature...: Pure Kernel
Guess.Base.......: File (/usr/share/wordlists/rockyou.txt)
Guess.Queue......: 1/1 (100.00%)
Speed.#1.........:     1080 H/s (11.28ms) @ Accel:64 Loops:1024 Thr:1 Vec:2
Recovered........: 0/1 (0.00%) Digests (total), 0/1 (0.00%) Digests (new)
Progress.........: 309184/14344385 (2.16%)
Rejected.........: 0/309184 (0.00%)
Restore.Point....: 309184/14344385 (2.16%)
Restore.Sub.#1...: Salt:0 Amplifier:0-1 Iteration:4096-5000
Candidate.Engine.: Device Generator
Candidates.#1....: foxyfox -> footbool
Hardware.Mon.#1..: Util: 94%

[s]tatus [p]ause [b]ypass [c]heckpoint [f]inish [q]uit => 

Session..........: hashcat
Status...........: Running
Hash.Mode........: 1800 (sha512crypt $6$, SHA512 (Unix))
Hash.Target......: $6$aReallyHardSalt$6WKUTqzq.UQQmrm0p/T7MPpMbGNnzXPM...ZAs02.
Time.Started.....: Mon Apr  1 06:07:04 2024 (4 mins, 54 secs)
Time.Estimated...: Mon Apr  1 09:48:30 2024 (3 hours, 36 mins)
Kernel.Feature...: Pure Kernel
Guess.Base.......: File (/usr/share/wordlists/rockyou.txt)
Guess.Queue......: 1/1 (100.00%)
Speed.#1.........:     1080 H/s (11.45ms) @ Accel:64 Loops:1024 Thr:1 Vec:2
Recovered........: 0/1 (0.00%) Digests (total), 0/1 (0.00%) Digests (new)
Progress.........: 310720/14344385 (2.17%)
Rejected.........: 0/310720 (0.00%)
Restore.Point....: 310720/14344385 (2.17%)
Restore.Sub.#1...: Salt:0 Amplifier:0-1 Iteration:4096-5000
Candidate.Engine.: Device Generator
Candidates.#1....: dramaclub -> dotty12
Hardware.Mon.#1..: Util: 94%

[s]tatus [p]ause [b]ypass [c]heckpoint [f]inish [q]uit => 

Session..........: hashcat
Status...........: Running
Hash.Mode........: 1800 (sha512crypt $6$, SHA512 (Unix))
Hash.Target......: $6$aReallyHardSalt$6WKUTqzq.UQQmrm0p/T7MPpMbGNnzXPM...ZAs02.
Time.Started.....: Mon Apr  1 06:07:04 2024 (4 mins, 54 secs)
Time.Estimated...: Mon Apr  1 09:48:30 2024 (3 hours, 36 mins)
Kernel.Feature...: Pure Kernel
Guess.Base.......: File (/usr/share/wordlists/rockyou.txt)
Guess.Queue......: 1/1 (100.00%)
Speed.#1.........:     1080 H/s (11.39ms) @ Accel:64 Loops:1024 Thr:1 Vec:2
Recovered........: 0/1 (0.00%) Digests (total), 0/1 (0.00%) Digests (new)
Progress.........: 311232/14344385 (2.17%)
Rejected.........: 0/311232 (0.00%)
Restore.Point....: 311232/14344385 (2.17%)
Restore.Sub.#1...: Salt:0 Amplifier:0-1 Iteration:4096-5000
Candidate.Engine.: Device Generator
Candidates.#1....: dexter5 -> despair1
Hardware.Mon.#1..: Util:100%

[s]tatus [p]ause [b]ypass [c]heckpoint [f]inish [q]uit => 

Session..........: hashcat
Status...........: Running
Hash.Mode........: 1800 (sha512crypt $6$, SHA512 (Unix))
Hash.Target......: $6$aReallyHardSalt$6WKUTqzq.UQQmrm0p/T7MPpMbGNnzXPM...ZAs02.
Time.Started.....: Mon Apr  1 06:07:04 2024 (4 mins, 56 secs)
Time.Estimated...: Mon Apr  1 09:48:09 2024 (3 hours, 36 mins)
Kernel.Feature...: Pure Kernel
Guess.Base.......: File (/usr/share/wordlists/rockyou.txt)
Guess.Queue......: 1/1 (100.00%)
Speed.#1.........:     1082 H/s (10.80ms) @ Accel:64 Loops:1024 Thr:1 Vec:2
Recovered........: 0/1 (0.00%) Digests (total), 0/1 (0.00%) Digests (new)
Progress.........: 312640/14344385 (2.18%)
Rejected.........: 0/312640 (0.00%)
Restore.Point....: 312640/14344385 (2.18%)
Restore.Sub.#1...: Salt:0 Amplifier:0-1 Iteration:4096-5000
Candidate.Engine.: Device Generator
Candidates.#1....: colleen123 -> cocotero
Hardware.Mon.#1..: Util: 91%

[s]tatus [p]ause [b]ypass [c]heckpoint [f]inish [q]uit => 

Session..........: hashcat
Status...........: Running
Hash.Mode........: 1800 (sha512crypt $6$, SHA512 (Unix))
Hash.Target......: $6$aReallyHardSalt$6WKUTqzq.UQQmrm0p/T7MPpMbGNnzXPM...ZAs02.
Time.Started.....: Mon Apr  1 06:07:04 2024 (4 mins, 56 secs)
Time.Estimated...: Mon Apr  1 09:48:07 2024 (3 hours, 36 mins)
Kernel.Feature...: Pure Kernel
Guess.Base.......: File (/usr/share/wordlists/rockyou.txt)
Guess.Queue......: 1/1 (100.00%)
Speed.#1.........:     1082 H/s (10.77ms) @ Accel:64 Loops:1024 Thr:1 Vec:2
Recovered........: 0/1 (0.00%) Digests (total), 0/1 (0.00%) Digests (new)
Progress.........: 313152/14344385 (2.18%)
Rejected.........: 0/313152 (0.00%)
Restore.Point....: 313152/14344385 (2.18%)
Restore.Sub.#1...: Salt:0 Amplifier:0-1 Iteration:2048-3072
Candidate.Engine.: Device Generator
Candidates.#1....: chipper7 -> chidisimo
Hardware.Mon.#1..: Util: 90%

[s]tatus [p]ause [b]ypass [c]heckpoint [f]inish [q]uit => 

Session..........: hashcat
Status...........: Running
Hash.Mode........: 1800 (sha512crypt $6$, SHA512 (Unix))
Hash.Target......: $6$aReallyHardSalt$6WKUTqzq.UQQmrm0p/T7MPpMbGNnzXPM...ZAs02.
Time.Started.....: Mon Apr  1 06:07:04 2024 (4 mins, 57 secs)
Time.Estimated...: Mon Apr  1 09:48:01 2024 (3 hours, 36 mins)
Kernel.Feature...: Pure Kernel
Guess.Base.......: File (/usr/share/wordlists/rockyou.txt)
Guess.Queue......: 1/1 (100.00%)
Speed.#1.........:     1083 H/s (10.89ms) @ Accel:64 Loops:1024 Thr:1 Vec:2
Recovered........: 0/1 (0.00%) Digests (total), 0/1 (0.00%) Digests (new)
Progress.........: 313664/14344385 (2.19%)
Rejected.........: 0/313664 (0.00%)
Restore.Point....: 313664/14344385 (2.19%)
Restore.Sub.#1...: Salt:0 Amplifier:0-1 Iteration:2048-3072
Candidate.Engine.: Device Generator
Candidates.#1....: cc2008 -> catalinutza
Hardware.Mon.#1..: Util: 92%

[s]tatus [p]ause [b]ypass [c]heckpoint [f]inish [q]uit => 

Session..........: hashcat
Status...........: Running
Hash.Mode........: 1800 (sha512crypt $6$, SHA512 (Unix))
Hash.Target......: $6$aReallyHardSalt$6WKUTqzq.UQQmrm0p/T7MPpMbGNnzXPM...ZAs02.
Time.Started.....: Mon Apr  1 06:07:04 2024 (8 mins, 23 secs)
Time.Estimated...: Mon Apr  1 10:51:17 2024 (4 hours, 35 mins)
Kernel.Feature...: Pure Kernel
Guess.Base.......: File (/usr/share/wordlists/rockyou.txt)
Guess.Queue......: 1/1 (100.00%)
Speed.#1.........:      838 H/s (10.89ms) @ Accel:64 Loops:1024 Thr:1 Vec:2
Recovered........: 0/1 (0.00%) Digests (total), 0/1 (0.00%) Digests (new)
Progress.........: 474944/14344385 (3.31%)
Rejected.........: 0/474944 (0.00%)
Restore.Point....: 474944/14344385 (3.31%)
Restore.Sub.#1...: Salt:0 Amplifier:0-1 Iteration:2048-3072
Candidate.Engine.: Device Generator
Candidates.#1....: primorosa -> prettygal1
Hardware.Mon.#1..: Util: 97%

[s]tatus [p]ause [b]ypass [c]heckpoint [f]inish [q]uit => 
[s]tatus [p]ause [b]ypass [c]heckpoint [f]inish [q]uit => 

Session..........: hashcat
Status...........: Running
Hash.Mode........: 1800 (sha512crypt $6$, SHA512 (Unix))
Hash.Target......: $6$aReallyHardSalt$6WKUTqzq.UQQmrm0p/T7MPpMbGNnzXPM...ZAs02.
Time.Started.....: Mon Apr  1 06:07:04 2024 (13 mins, 6 secs)
Time.Estimated...: Mon Apr  1 10:31:12 2024 (4 hours, 11 mins)
Kernel.Feature...: Pure Kernel
Guess.Base.......: File (/usr/share/wordlists/rockyou.txt)
Guess.Queue......: 1/1 (100.00%)
Speed.#1.........:      903 H/s (11.56ms) @ Accel:64 Loops:1024 Thr:1 Vec:2
Recovered........: 0/1 (0.00%) Digests (total), 0/1 (0.00%) Digests (new)
Progress.........: 736576/14344385 (5.13%)
Rejected.........: 0/736576 (0.00%)
Restore.Point....: 736576/14344385 (5.13%)
Restore.Sub.#1...: Salt:0 Amplifier:0-1 Iteration:4096-5000
Candidate.Engine.: Device Generator
Candidates.#1....: 13giggles -> 138125
Hardware.Mon.#1..: Util: 95%

[s]tatus [p]ause [b]ypass [c]heckpoint [f]inish [q]uit => 

Session..........: hashcat
Status...........: Running
Hash.Mode........: 1800 (sha512crypt $6$, SHA512 (Unix))
Hash.Target......: $6$aReallyHardSalt$6WKUTqzq.UQQmrm0p/T7MPpMbGNnzXPM...ZAs02.
Time.Started.....: Mon Apr  1 06:07:04 2024 (13 mins, 51 secs)
Time.Estimated...: Mon Apr  1 10:25:47 2024 (4 hours, 4 mins)
Kernel.Feature...: Pure Kernel
Guess.Base.......: File (/usr/share/wordlists/rockyou.txt)
Guess.Queue......: 1/1 (100.00%)
Speed.#1.........:      923 H/s (11.18ms) @ Accel:64 Loops:1024 Thr:1 Vec:2
Recovered........: 0/1 (0.00%) Digests (total), 0/1 (0.00%) Digests (new)
Progress.........: 782848/14344385 (5.46%)
Rejected.........: 0/782848 (0.00%)
Restore.Point....: 782848/14344385 (5.46%)
Restore.Sub.#1...: Salt:0 Amplifier:0-1 Iteration:4096-5000
Candidate.Engine.: Device Generator
Candidates.#1....: stefon15 -> stefan22
Hardware.Mon.#1..: Util: 93%

[s]tatus [p]ause [b]ypass [c]heckpoint [f]inish [q]uit => 

Session..........: hashcat
Status...........: Running
Hash.Mode........: 1800 (sha512crypt $6$, SHA512 (Unix))
Hash.Target......: $6$aReallyHardSalt$6WKUTqzq.UQQmrm0p/T7MPpMbGNnzXPM...ZAs02.
Time.Started.....: Mon Apr  1 06:07:04 2024 (19 mins, 57 secs)
Time.Estimated...: Mon Apr  1 10:28:50 2024 (4 hours, 1 min)
Kernel.Feature...: Pure Kernel
Guess.Base.......: File (/usr/share/wordlists/rockyou.txt)
Guess.Queue......: 1/1 (100.00%)
Speed.#1.........:      910 H/s (12.52ms) @ Accel:64 Loops:1024 Thr:1 Vec:2
Recovered........: 0/1 (0.00%) Digests (total), 0/1 (0.00%) Digests (new)
Progress.........: 1146944/14344385 (8.00%)
Rejected.........: 0/1146944 (0.00%)
Restore.Point....: 1146944/14344385 (8.00%)
Restore.Sub.#1...: Salt:0 Amplifier:0-1 Iteration:3072-4096
Candidate.Engine.: Device Generator
Candidates.#1....: younga6 -> younam
Hardware.Mon.#1..: Util: 91%

[s]tatus [p]ause [b]ypass [c]heckpoint [f]inish [q]uit => 

Paused at Mon Apr  1 06:33:44 2024

[s]tatus [r]esume [b]ypass [c]heckpoint [f]inish [q]uit => 

Resumed at Mon Apr  1 06:33:55 2024 (paused for 11 secs)

[s]tatus [p]ause [b]ypass [c]heckpoint [f]inish [q]uit => 

Finish enabled. Will quit after this attack.

[s]tatus [p]ause [b]ypass [c]heckpoint [f]inish [q]uit => 

                                                          Session..........: hashcat
Status...........: Quit
Hash.Mode........: 1800 (sha512crypt $6$, SHA512 (Unix))
Hash.Target......: $6$aReallyHardSalt$6WKUTqzq.UQQmrm0p/T7MPpMbGNnzXPM...ZAs02.
Time.Started.....: Mon Apr  1 06:07:04 2024 (27 mins, 5 secs)
Time.Estimated...: Mon Apr  1 10:24:31 2024 (3 hours, 50 mins)
Kernel.Feature...: Pure Kernel
Guess.Base.......: File (/usr/share/wordlists/rockyou.txt)
Guess.Queue......: 1/1 (100.00%)
Speed.#1.........:      927 H/s (11.05ms) @ Accel:64 Loops:1024 Thr:1 Vec:2
Recovered........: 0/1 (0.00%) Digests (total), 0/1 (0.00%) Digests (new)
Progress.........: 1531904/14344385 (10.68%)
Rejected.........: 0/1531904 (0.00%)
Restore.Point....: 1531904/14344385 (10.68%)
Restore.Sub.#1...: Salt:0 Amplifier:0-1 Iteration:1024-2048
Candidate.Engine.: Device Generator
Candidates.#1....: mana89 -> man2woman
Hardware.Mon.#1..: Util: 92%

Started: Mon Apr  1 06:06:31 2024
Stopped: Mon Apr  1 06:34:10 2024
