hashcat (v6.2.6) starting

OpenCL API (OpenCL 3.0 PoCL 3.0+debian  Linux, None+Asserts, RELOC, LLVM 13.0.1, SLEEF, DISTRO, POCL_DEBUG) - Platform #1 [The pocl project]
============================================================================================================================================
* Device #1: pthread-12th Gen Intel(R) Core(TM) i5-1240P, 1435/2935 MB (512 MB allocatable), 2MCU

Minimum password length supported by kernel: 0
Maximum password length supported by kernel: 256
Minimim salt length supported by kernel: 0
Maximum salt length supported by kernel: 256

Counting lines in hash2-4.txt. Please be patient...Counted lines in hash2-4.txtParsed Hashes: 1/1 (100.00%)Parsed Hashes: 1/1 (100.00%)Sorting hashes. Please be patient...Sorted hashesRemoving duplicate hashes. Please be patient...Removed duplicate hashesSorting salts. Please be patient...Sorted saltsComparing hashes with potfile entries. Please be patient...Compared hashes with potfile entriesGenerating bitmap tables...Generated bitmap tablesHashes: 1 digests; 1 unique digests, 1 unique salts
Bitmaps: 16 bits, 65536 entries, 0x0000ffff mask, 262144 bytes, 5/13 rotates
Rules: 1

Optimizers applied:
* Zero-Byte
* Early-Skip
* Not-Iterated
* Single-Hash
* Single-Salt
* Raw-Hash

ATTENTION! Pure (unoptimized) backend kernels selected.
Pure kernels can crack longer passwords, but drastically reduce performance.
If you want to switch to optimized kernels, append -O to your commandline.
See the above message to find out about the exact limits.

Watchdog: Temperature abort trigger set to 90c

Initializing device kernels and memory. Please be patient...Initializing backend runtime for device #1. Please be patient...Initialized backend runtime for device #1Host memory required for this attack: 0 MB

Initialized device kernels and memoryStarting self-test. Please be patient...Finished self-testStarting autotune. Please be patient...Finished autotuneStarting attack in stdin mode

Session..........: hashcat
Status...........: Running
Hash.Mode........: 110 (sha1($pass.$salt))
Hash.Target......: e5d8870e5bdd26602cab8dbe07a942c8669e56d6:tryhackme
Time.Started.....: Mon Apr  1 06:35:53 2024 (10 secs)
Time.Estimated...: Mon Apr  1 06:36:03 2024 (0 secs)
Kernel.Feature...: Pure Kernel
Guess.Base.......: Pipe
Speed.#1.........:        0 H/s (0.00ms) @ Accel:256 Loops:1 Thr:1 Vec:4
Recovered........: 0/1 (0.00%) Digests (total), 0/1 (0.00%) Digests (new)
Progress.........: 0
Rejected.........: 0
Restore.Point....: 0
Restore.Sub.#1...: Salt:0 Amplifier:0-0 Iteration:0-1
Candidate.Engine.: Device Generator
Candidates.#1....: [Copying]
Hardware.Mon.#1..: Util:  4%

Cracking performance lower than expected?

* Append -O to the commandline.
  This lowers the maximum supported password/salt length (usually down to 32).

* Append -w 3 to the commandline.
  This can cause your screen to lag.

* Update your backend API runtime / driver the right way:
  https://hashcat.net/faq/wrongdriver

* Create more work items to make use of your parallelization power:
  https://hashcat.net/faq/morework

Session..........: hashcat
Status...........: Running
Hash.Mode........: 110 (sha1($pass.$salt))
Hash.Target......: e5d8870e5bdd26602cab8dbe07a942c8669e56d6:tryhackme
Time.Started.....: Mon Apr  1 06:35:53 2024 (20 secs)
Time.Estimated...: Mon Apr  1 06:36:13 2024 (0 secs)
Kernel.Feature...: Pure Kernel
Guess.Base.......: Pipe
Speed.#1.........:        0 H/s (0.00ms) @ Accel:256 Loops:1 Thr:1 Vec:4
Recovered........: 0/1 (0.00%) Digests (total), 0/1 (0.00%) Digests (new)
Progress.........: 0
Rejected.........: 0
Restore.Point....: 0
Restore.Sub.#1...: Salt:0 Amplifier:0-0 Iteration:0-1
Candidate.Engine.: Device Generator
Candidates.#1....: [Copying]
Hardware.Mon.#1..: Util:  3%

ATTENTION! Read timeout in stdin mode. Password candidates input is too slow:
* Are you sure you are using the correct attack mode (--attack-mode or -a)?
* Are you sure you want to use input from standard input (stdin)?
* If using stdin, are you sure it is working correctly, and is fast enough?

Session..........: hashcat
Status...........: Running
Hash.Mode........: 110 (sha1($pass.$salt))
Hash.Target......: e5d8870e5bdd26602cab8dbe07a942c8669e56d6:tryhackme
Time.Started.....: Mon Apr  1 06:35:53 2024 (30 secs)
Time.Estimated...: Mon Apr  1 06:36:23 2024 (0 secs)
Kernel.Feature...: Pure Kernel
Guess.Base.......: Pipe
Speed.#1.........:        0 H/s (0.00ms) @ Accel:256 Loops:1 Thr:1 Vec:4
Recovered........: 0/1 (0.00%) Digests (total), 0/1 (0.00%) Digests (new)
Progress.........: 0
Rejected.........: 0
Restore.Point....: 0
Restore.Sub.#1...: Salt:0 Amplifier:0-0 Iteration:0-1
Candidate.Engine.: Device Generator
Candidates.#1....: [Copying]
Hardware.Mon.#1..: Util:  4%

